<?xml version="1.0" encoding="UTF-8"?>
<!-- Generated by org.testng.reporters.JUnitReportReporter -->
<testsuite hostname="DESKTOP-1T78POU" failures="0" tests="5" name="testCases.tc_003_DataDriven_LoginTest2" time="39.753" errors="0" timestamp="2023-10-09T00:02:44 IST" skipped="0">
  <testcase classname="testCases.tc_003_DataDriven_LoginTest2" name="test_Login" time="11.447"/>
  <testcase classname="testCases.tc_003_DataDriven_LoginTest2" name="test_Login" time="11.401"/>
  <testcase classname="testCases.tc_003_DataDriven_LoginTest2" name="test_Login" time="11.521"/>
  <testcase classname="testCases.tc_003_DataDriven_LoginTest2" name="test_Login" time="2.572"/>
  <testcase classname="testCases.tc_003_DataDriven_LoginTest2" name="test_Login" time="2.812"/>
</testsuite> <!-- testCases.tc_003_DataDriven_LoginTest2 -->
