<?xml version="1.0" encoding="UTF-8"?>
<!-- Generated by org.testng.reporters.JUnitReportReporter -->
<testsuite hostname="DESKTOP-1T78POU" failures="0" tests="1" name="testCases.TC_001_AccountRegistrationTest" time="15.831" errors="0" timestamp="2023-10-09T22:55:54 IST" skipped="0">
  <testcase classname="testCases.TC_001_AccountRegistrationTest" name="AccountRegistrationTest" time="15.831"/>
</testsuite> <!-- testCases.TC_001_AccountRegistrationTest -->
